2020.07.02 14:29:35 INFO  started: Metals version 0.9.0 in workspace '/Users/bertrandjunqua/Code/PrezIO'
2020.07.02 14:29:36 INFO  time: initialize in 0.97s
2020.07.02 14:29:37 INFO  no build target: using presentation compiler with only scala-library
2020.07.02 14:29:42 INFO  skipping build import with status 'Dismissed'
2020.07.02 14:29:48 INFO  skipping build import with status 'Dismissed'
2020.07.02 14:30:50 INFO  started: Metals version 0.9.0 in workspace '/Users/bertrandjunqua/Code/PrezIO'
2020.07.02 14:30:51 INFO  time: initialize in 1.01s
2020.07.02 14:30:55 INFO  skipping build import with status 'Dismissed'
2020.07.02 14:30:55 INFO  no build target: using presentation compiler with only scala-library
2020.07.02 14:32:01 INFO  started: Metals version 0.9.0 in workspace '/Users/bertrandjunqua/Code/PrezIO'
2020.07.02 14:32:02 INFO  time: initialize in 1.01s
2020.07.02 14:32:06 INFO  no build target: using presentation compiler with only scala-library
2020.07.02 14:32:07 WARN  no build target for: /Users/bertrandjunqua/Code/PrezIO/src/main/scala/Main.scala
2020.07.02 14:32:07 INFO  running '/usr/local/Cellar/openjdk@11/11.0.7+10/libexec/openjdk.jdk/Contents/Home/bin/java -Djline.terminal=jline.UnsupportedTerminal -Dsbt.log.noformat=true -Dfile.encoding=UTF-8 -jar /var/folders/8g/qr1hxqxd5_3b0gnhj867khpm0000gr/T/metals4011549288331946178/sbt-launch.jar -Dbloop.export-jar-classifiers=sources bloopInstall'
2020.07.02 14:32:16 INFO  [info] Loading settings for project prezio-build from plugins.sbt,metals.sbt ...
2020.07.02 14:32:16 INFO  [info] Loading project definition from /Users/bertrandjunqua/Code/PrezIO/project
2020.07.02 14:32:18 INFO  [warn] There may be incompatibilities among your library dependencies; run 'evicted' to see detailed eviction warnings.
2020.07.02 14:32:21 INFO  [info] Loading settings for project prezio from build.sbt ...
2020.07.02 14:32:21 INFO  [info] Set current project to PrezIO (in build file:/Users/bertrandjunqua/Code/PrezIO/)
2020.07.02 14:32:22 INFO  [success] Generated .bloop/prezio.json
2020.07.02 14:32:22 INFO  [success] Generated .bloop/prezio-test.json
2020.07.02 14:32:22 INFO  [success] Total time: 1 s, completed 2 juil. 2020 à 14:32:22
2020.07.02 14:32:22 INFO  build tool exit: 0
2020.07.02 14:32:22 INFO  time: ran 'sbt bloopInstall' in 14s
Starting the bsp launcher for bloop...
Opening a bsp server connection with 'bsp --protocol local --socket /var/folders/8g/qr1hxqxd5_3b0gnhj867khpm0000gr/T/bsp-launcher16355191124774023446/bsp.socket'...
Waiting for the bsp connection to come up...
[0m[32m[D][0m Waiting for a connection at local:///var/folders/8g/qr1hxqxd5_3b0gnhj867khpm0000gr/T/bsp-launcher16355191124774023446/bsp.socket...
The server is listening for incoming connections at local:///var/folders/8g/qr1hxqxd5_3b0gnhj867khpm0000gr/T/bsp-launcher16355191124774023446/bsp.socket...
Starting thread that pumps stdin and redirects it to the bsp server...
Starting thread that pumps server stdout and redirects it to the client stdout...
2020.07.02 14:32:22 INFO  tracing is disabled for protocol BSP, to enable tracing of incoming and outgoing JSON messages create an empty file at /Users/bertrandjunqua/Library/Caches/org.scalameta.metals/bsp.trace.json
2020.07.02 14:32:22 INFO  time: connected to build server in 0.1s
2020.07.02 14:32:22 INFO  Connected to Build server v1.4.0-RC1-229-b7c15aa9
2020.07.02 14:32:25 INFO  time: indexed workspace in 2.52s
2020.07.02 14:32:25 INFO  compiling prezio (1 scala source)
2020.07.02 14:32:26 INFO  time: compiled prezio in 1.01s
2020.07.02 14:32:26 INFO  compiling prezio-test (5 scala sources)
2020.07.02 14:32:26 INFO  time: compiled prezio-test in 0.16s
juil. 02, 2020 2:32:54 PM org.eclipse.lsp4j.jsonrpc.RemoteEndpoint handleCancellation
AVERTISSEMENT: Unmatched cancel notification for request id 8
2020.07.02 14:33:06 INFO  compiling prezio (1 scala source)
2020.07.02 14:33:06 INFO  /Users/bertrandjunqua/Code/PrezIO/src/main/scala/Main.scala:6:7: stale bloop error: illegal character '\u00a0'
    IO { printnl("test") }
      ^
2020.07.02 14:33:06 INFO  time: compiled prezio in 0.14s
2020.07.02 14:33:10 INFO  /Users/bertrandjunqua/Code/PrezIO/src/main/scala/Main.scala:6:7: stale bloop error: illegal character '\u00a0'
    IO { printnl("test") }
      ^
2020.07.02 14:33:10 INFO  /Users/bertrandjunqua/Code/PrezIO/src/main/scala/Main.scala:6:7: stale bloop error: illegal character '\u00a0'
    IO { printnl("test") }
      ^
2020.07.02 14:33:11 INFO  /Users/bertrandjunqua/Code/PrezIO/src/main/scala/Main.scala:6:7: stale bloop error: illegal character '\u00a0'
    IO { printnl("test") }
      ^
2020.07.02 14:33:11 INFO  /Users/bertrandjunqua/Code/PrezIO/src/main/scala/Main.scala:6:7: stale bloop error: illegal character '\u00a0'
    IO { printnl("test") }
      ^
2020.07.02 14:33:11 INFO  /Users/bertrandjunqua/Code/PrezIO/src/main/scala/Main.scala:6:7: stale bloop error: illegal character '\u00a0'
    IO { printnl("test") }
      ^
2020.07.02 14:33:11 INFO  /Users/bertrandjunqua/Code/PrezIO/src/main/scala/Main.scala:6:7: stale bloop error: illegal character '\u00a0'
    IO { printnl("test") }
      ^
2020.07.02 14:33:13 INFO  /Users/bertrandjunqua/Code/PrezIO/src/main/scala/Main.scala:6:7: stale bloop error: illegal character '\u00a0'
    IO { printnl("test") }
      ^
2020.07.02 14:33:13 INFO  /Users/bertrandjunqua/Code/PrezIO/src/main/scala/Main.scala:6:7: stale bloop error: illegal character '\u00a0'
    IO { printnl("test") }
      ^
2020.07.02 14:33:16 INFO  /Users/bertrandjunqua/Code/PrezIO/src/main/scala/Main.scala:6:7: stale bloop error: illegal character '\u00a0'
    IO { printnl("test") }
      ^
2020.07.02 14:33:16 INFO  /Users/bertrandjunqua/Code/PrezIO/src/main/scala/Main.scala:6:7: stale bloop error: illegal character '\u00a0'
    IO { printnl("test") }
      ^
2020.07.02 14:33:17 INFO  compiling prezio (1 scala source)
2020.07.02 14:33:17 INFO  time: compiled prezio in 0.18s
2020.07.02 14:33:22 INFO  compiling prezio (1 scala source)
2020.07.02 14:33:22 INFO  time: compiled prezio in 0.22s
2020.07.02 14:33:59 INFO  compiling prezio (1 scala source)
2020.07.02 14:33:59 INFO  time: compiled prezio in 0.89s
juil. 02, 2020 2:34:35 PM org.eclipse.lsp4j.jsonrpc.RemoteEndpoint handleCancellation
AVERTISSEMENT: Unmatched cancel notification for request id 13
juil. 02, 2020 2:34:41 PM org.eclipse.lsp4j.jsonrpc.RemoteEndpoint handleCancellation
AVERTISSEMENT: Unmatched cancel notification for request id 38
juil. 02, 2020 2:34:59 PM org.eclipse.lsp4j.jsonrpc.RemoteEndpoint handleCancellation
AVERTISSEMENT: Unmatched cancel notification for request id 56
juil. 02, 2020 2:35:06 PM org.eclipse.lsp4j.jsonrpc.RemoteEndpoint handleCancellation
AVERTISSEMENT: Unmatched cancel notification for request id 68
juil. 02, 2020 2:35:18 PM org.eclipse.lsp4j.jsonrpc.RemoteEndpoint handleCancellation
AVERTISSEMENT: Unmatched cancel notification for request id 72
juil. 02, 2020 2:35:23 PM org.eclipse.lsp4j.jsonrpc.RemoteEndpoint handleCancellation
AVERTISSEMENT: Unmatched cancel notification for request id 86
juil. 02, 2020 2:35:31 PM org.eclipse.lsp4j.jsonrpc.RemoteEndpoint handleCancellation
AVERTISSEMENT: Unmatched cancel notification for request id 97
juil. 02, 2020 2:35:51 PM org.eclipse.lsp4j.jsonrpc.RemoteEndpoint handleCancellation
AVERTISSEMENT: Unmatched cancel notification for request id 106
juil. 02, 2020 2:36:26 PM org.eclipse.lsp4j.jsonrpc.RemoteEndpoint handleCancellation
AVERTISSEMENT: Unmatched cancel notification for request id 127
juil. 02, 2020 2:36:44 PM org.eclipse.lsp4j.jsonrpc.RemoteEndpoint handleCancellation
AVERTISSEMENT: Unmatched cancel notification for request id 112
juil. 02, 2020 2:36:59 PM org.eclipse.lsp4j.jsonrpc.RemoteEndpoint handleCancellation
AVERTISSEMENT: Unmatched cancel notification for request id 141
juil. 02, 2020 2:37:17 PM org.eclipse.lsp4j.jsonrpc.RemoteEndpoint handleCancellation
AVERTISSEMENT: Unmatched cancel notification for request id 148
juil. 02, 2020 2:37:41 PM org.eclipse.lsp4j.jsonrpc.RemoteEndpoint handleCancellation
AVERTISSEMENT: Unmatched cancel notification for request id 159
2020.07.02 14:37:44 INFO  compiling prezio (1 scala source)
2020.07.02 14:37:44 INFO  time: compiled prezio in 0.14s
2020.07.02 14:37:49 INFO  compiling prezio (1 scala source)
2020.07.02 14:37:49 INFO  time: compiled prezio in 0.15s
2020.07.02 14:39:00 INFO  compiling prezio (1 scala source)
2020.07.02 14:39:00 INFO  time: compiled prezio in 0.28s
2020.07.02 14:39:02 INFO  compiling prezio (1 scala source)
2020.07.02 14:39:02 INFO  time: compiled prezio in 0.4s
2020.07.02 14:39:43 INFO  compiling prezio (1 scala source)
2020.07.02 14:39:43 INFO  time: compiled prezio in 0.27s
juil. 02, 2020 2:39:49 PM org.eclipse.lsp4j.jsonrpc.RemoteEndpoint handleCancellation
AVERTISSEMENT: Unmatched cancel notification for request id 169
2020.07.02 14:39:51 INFO  compiling prezio (1 scala source)
2020.07.02 14:39:51 INFO  time: compiled prezio in 0.27s
2020.07.02 14:40:52 INFO  compiling prezio (1 scala source)
2020.07.02 14:40:52 INFO  time: compiled prezio in 0.27s
2020.07.02 14:41:04 INFO  compiling prezio (1 scala source)
2020.07.02 14:41:04 INFO  time: compiled prezio in 0.34s
2020.07.02 14:41:15 INFO  compiling prezio (1 scala source)
2020.07.02 14:41:15 INFO  time: compiled prezio in 0.25s
2020.07.02 14:41:50 INFO  compiling prezio (1 scala source)
2020.07.02 14:41:50 INFO  time: compiled prezio in 0.27s
2020.07.02 14:42:11 INFO  compiling prezio (1 scala source)
2020.07.02 14:42:11 INFO  time: compiled prezio in 0.85s
juil. 02, 2020 2:42:32 PM org.eclipse.lsp4j.jsonrpc.RemoteEndpoint handleCancellation
AVERTISSEMENT: Unmatched cancel notification for request id 231
2020.07.02 14:43:06 INFO  compiling prezio (1 scala source)
2020.07.02 14:43:06 INFO  time: compiled prezio in 0.25s
2020.07.02 14:43:13 INFO  compiling prezio (1 scala source)
2020.07.02 14:43:13 INFO  time: compiled prezio in 0.82s
2020.07.02 14:45:17 INFO  compiling prezio (1 scala source)
2020.07.02 14:45:17 INFO  time: compiled prezio in 0.82s
juil. 02, 2020 2:45:58 PM org.eclipse.lsp4j.jsonrpc.RemoteEndpoint handleCancellation
AVERTISSEMENT: Unmatched cancel notification for request id 276
2020.07.02 14:45:59 INFO  /Users/bertrandjunqua/Code/PrezIO/src/main/scala/Main.scala:17:11: stale bloop warning: parameter value args in method run is never used
  def run(args: Array[String]): Unit = {
          ^^^^^^^^^^^^^^^^^^^
2020.07.02 14:45:59 INFO  /Users/bertrandjunqua/Code/PrezIO/src/main/scala/Main.scala:17:11: stale bloop warning: parameter value args in method run is never used
  def run(args: Array[String]): Unit = {
          ^^^^^^^^^^^^^^^^^^^
2020.07.02 14:46:01 INFO  compiling prezio (1 scala source)
2020.07.02 14:46:02 INFO  time: compiled prezio in 1.14s
2020.07.02 14:46:46 INFO  started: Metals version 0.9.0 in workspace '/Users/bertrandjunqua/Code/PrezIO'
2020.07.02 14:46:47 INFO  time: initialize in 0.92s
Starting the bsp launcher for bloop...
Opening a bsp server connection with 'bsp --protocol local --socket /var/folders/8g/qr1hxqxd5_3b0gnhj867khpm0000gr/T/bsp-launcher5428134957859175182/bsp.socket'...
Waiting for the bsp connection to come up...
[0m[32m[D][0m Loading workspace settings from bloop.settings.json
[0m[32m[D][0m Waiting for a connection at local:///var/folders/8g/qr1hxqxd5_3b0gnhj867khpm0000gr/T/bsp-launcher5428134957859175182/bsp.socket...
The server is listening for incoming connections at local:///var/folders/8g/qr1hxqxd5_3b0gnhj867khpm0000gr/T/bsp-launcher5428134957859175182/bsp.socket...
2020.07.02 14:46:47 INFO  skipping build import with status 'Installed'
2020.07.02 14:46:47 INFO  no build target: using presentation compiler with only scala-library
No more data in the client stdin, exiting...
No more data in the server stdin, exiting...
No more data in the server stdin, exiting...
2020.07.02 14:47:48 INFO  started: Metals version 0.9.0 in workspace '/Users/bertrandjunqua/Code/PrezIO'
2020.07.02 14:47:48 INFO  time: initialize in 0.88s
Starting the bsp launcher for bloop...
Opening a bsp server connection with 'bsp --protocol local --socket /var/folders/8g/qr1hxqxd5_3b0gnhj867khpm0000gr/T/bsp-launcher1083155548181920375/bsp.socket'...
Waiting for the bsp connection to come up...
2020.07.02 14:47:49 INFO  skipping build import with status 'Installed'
[0m[32m[D][0m Waiting for a connection at local:///var/folders/8g/qr1hxqxd5_3b0gnhj867khpm0000gr/T/bsp-launcher1083155548181920375/bsp.socket...
The server is listening for incoming connections at local:///var/folders/8g/qr1hxqxd5_3b0gnhj867khpm0000gr/T/bsp-launcher1083155548181920375/bsp.socket...
2020.07.02 14:47:49 INFO  no build target: using presentation compiler with only scala-library
Starting thread that pumps stdin and redirects it to the bsp server...
Starting thread that pumps server stdout and redirects it to the client stdout...
2020.07.02 14:47:49 INFO  tracing is disabled for protocol BSP, to enable tracing of incoming and outgoing JSON messages create an empty file at /Users/bertrandjunqua/Library/Caches/org.scalameta.metals/bsp.trace.json
2020.07.02 14:47:49 INFO  time: connected to build server in 0.23s
2020.07.02 14:47:49 INFO  Connected to Build server v1.4.0-RC1-229-b7c15aa9
2020.07.02 14:47:51 INFO  time: indexed workspace in 1.79s
2020.07.02 14:47:51 INFO  compiling prezio (1 scala source)
2020.07.02 14:47:51 INFO  Deduplicating compilation of prezio from bsp client 'Metals 0.9.0' (since 1.854s)
2020.07.02 14:47:51 INFO  compiling prezio (1 scala source)
2020.07.02 14:47:51 INFO  compiling prezio-test (5 scala sources)
2020.07.02 14:47:51 INFO  time: compiled prezio in 0.92s
2020.07.02 14:47:52 INFO  time: compiled prezio-test in 0.26s
2020.07.02 14:48:15 INFO  compiling prezio (1 scala source)
2020.07.02 14:48:15 INFO  time: compiled prezio in 0.82s
2020.07.02 14:48:22 INFO  compiling prezio (1 scala source)
2020.07.02 14:48:22 INFO  time: compiled prezio in 0.73s
No more data in the client stdin, exiting...
No more data in the server stdin, exiting...
No more data in the server stdin, exiting...
2020.07.02 14:50:08 INFO  started: Metals version 0.9.0 in workspace '/Users/bertrandjunqua/Code/PrezIO'
2020.07.02 14:50:09 INFO  time: initialize in 0.9s
Starting the bsp launcher for bloop...
Opening a bsp server connection with 'bsp --protocol local --socket /var/folders/8g/qr1hxqxd5_3b0gnhj867khpm0000gr/T/bsp-launcher6058844067599588873/bsp.socket'...
Waiting for the bsp connection to come up...
2020.07.02 14:50:10 INFO  skipping build import with status 'Installed'
[0m[32m[D][0m Waiting for a connection at local:///var/folders/8g/qr1hxqxd5_3b0gnhj867khpm0000gr/T/bsp-launcher6058844067599588873/bsp.socket...
The server is listening for incoming connections at local:///var/folders/8g/qr1hxqxd5_3b0gnhj867khpm0000gr/T/bsp-launcher6058844067599588873/bsp.socket...
2020.07.02 14:50:10 INFO  no build target: using presentation compiler with only scala-library
Starting thread that pumps stdin and redirects it to the bsp server...
Starting thread that pumps server stdout and redirects it to the client stdout...
2020.07.02 14:50:10 INFO  tracing is disabled for protocol BSP, to enable tracing of incoming and outgoing JSON messages create an empty file at /Users/bertrandjunqua/Library/Caches/org.scalameta.metals/bsp.trace.json
2020.07.02 14:50:10 INFO  time: connected to build server in 0.31s
2020.07.02 14:50:10 INFO  Connected to Build server v1.4.0-RC1-229-b7c15aa9
2020.07.02 14:50:12 INFO  time: indexed workspace in 2.12s
2020.07.02 14:50:12 INFO  compiling prezio (1 scala source)
2020.07.02 14:50:12 INFO  Deduplicating compilation of prezio from bsp client 'Metals 0.9.0' (since 2.211s)
2020.07.02 14:50:12 INFO  compiling prezio (1 scala source)
2020.07.02 14:50:13 INFO  compiling prezio-test (5 scala sources)
2020.07.02 14:50:13 INFO  time: compiled prezio in 1.1s
2020.07.02 14:50:13 INFO  time: compiled prezio-test in 0.36s
2020.07.02 14:55:57 INFO  compiling prezio (2 scala sources)
2020.07.02 14:55:57 INFO  time: compiled prezio in 0.15s
2020.07.02 14:56:13 INFO  compiling prezio (2 scala sources)
2020.07.02 14:56:13 INFO  time: compiled prezio in 0.98s
2020.07.02 14:56:19 INFO  compiling prezio (1 scala source)
2020.07.02 14:56:19 INFO  time: compiled prezio in 0.65s
juil. 02, 2020 3:04:18 PM org.eclipse.lsp4j.jsonrpc.RemoteEndpoint handleCancellation
AVERTISSEMENT: Unmatched cancel notification for request id 26
juil. 02, 2020 3:04:25 PM org.eclipse.lsp4j.jsonrpc.RemoteEndpoint handleCancellation
AVERTISSEMENT: Unmatched cancel notification for request id 27
juil. 02, 2020 3:04:29 PM org.eclipse.lsp4j.jsonrpc.RemoteEndpoint handleCancellation
AVERTISSEMENT: Unmatched cancel notification for request id 38
juil. 02, 2020 3:05:16 PM org.eclipse.lsp4j.jsonrpc.RemoteEndpoint handleCancellation
AVERTISSEMENT: Unmatched cancel notification for request id 43
juil. 02, 2020 3:05:38 PM org.eclipse.lsp4j.jsonrpc.RemoteEndpoint handleCancellation
AVERTISSEMENT: Unmatched cancel notification for request id 50
juil. 02, 2020 3:05:49 PM org.eclipse.lsp4j.jsonrpc.RemoteEndpoint handleCancellation
AVERTISSEMENT: Unmatched cancel notification for request id 63
2020.07.02 15:06:26 INFO  compiling prezio (1 scala source)
2020.07.02 15:06:26 INFO  time: compiled prezio in 0.11s
juil. 02, 2020 3:06:40 PM org.eclipse.lsp4j.jsonrpc.RemoteEndpoint handleCancellation
AVERTISSEMENT: Unmatched cancel notification for request id 74
juil. 02, 2020 3:06:46 PM org.eclipse.lsp4j.jsonrpc.RemoteEndpoint handleCancellation
AVERTISSEMENT: Unmatched cancel notification for request id 104
2020.07.02 15:06:58 INFO  compiling prezio (1 scala source)
2020.07.02 15:06:58 INFO  time: compiled prezio in 0.13s
juil. 02, 2020 3:07:18 PM org.eclipse.lsp4j.jsonrpc.RemoteEndpoint handleCancellation
AVERTISSEMENT: Unmatched cancel notification for request id 115
juil. 02, 2020 3:07:26 PM org.eclipse.lsp4j.jsonrpc.RemoteEndpoint handleCancellation
AVERTISSEMENT: Unmatched cancel notification for request id 124
juil. 02, 2020 3:07:39 PM org.eclipse.lsp4j.jsonrpc.RemoteEndpoint handleCancellation
AVERTISSEMENT: Unmatched cancel notification for request id 126
juil. 02, 2020 3:07:40 PM org.eclipse.lsp4j.jsonrpc.RemoteEndpoint handleCancellation
AVERTISSEMENT: Unmatched cancel notification for request id 128
2020.07.02 15:07:41 INFO  compiling prezio (1 scala source)
2020.07.02 15:07:41 INFO  time: compiled prezio in 0.11s
juil. 02, 2020 3:07:49 PM org.eclipse.lsp4j.jsonrpc.RemoteEndpoint handleCancellation
AVERTISSEMENT: Unmatched cancel notification for request id 129
juil. 02, 2020 3:07:49 PM scala.meta.internal.pc.CompilerAccess handleError
GRAVE: offset 427, count -2, length 444
java.lang.StringIndexOutOfBoundsException: offset 427, count -2, length 444
	at java.base/java.lang.String.checkBoundsOffCount(String.java:3304)
	at java.base/java.lang.String.rangeCheck(String.java:280)
	at java.base/java.lang.String.<init>(String.java:276)
	at scala.tools.nsc.interactive.Global.typeCompletions$1(Global.scala:1234)
	at scala.tools.nsc.interactive.Global.completionsAt(Global.scala:1257)
	at scala.meta.internal.pc.SignatureHelpProvider.$anonfun$treeSymbol$1(SignatureHelpProvider.scala:369)
	at scala.Option.map(Option.scala:242)
	at scala.meta.internal.pc.SignatureHelpProvider.treeSymbol(SignatureHelpProvider.scala:368)
	at scala.meta.internal.pc.SignatureHelpProvider$MethodCall$.unapply(SignatureHelpProvider.scala:197)
	at scala.meta.internal.pc.SignatureHelpProvider$MethodCallTraverser.visit(SignatureHelpProvider.scala:305)
	at scala.meta.internal.pc.SignatureHelpProvider$MethodCallTraverser.traverse(SignatureHelpProvider.scala:300)
	at scala.meta.internal.pc.SignatureHelpProvider$MethodCallTraverser.fromTree(SignatureHelpProvider.scala:269)
	at scala.meta.internal.pc.SignatureHelpProvider.signatureHelp(SignatureHelpProvider.scala:26)

2020.07.02 15:07:51 INFO  /Users/bertrandjunqua/Code/PrezIO/src/main/scala/prezio/Refactoring.scala:20:1: stale bloop error: illegal start of simple expression
}
^
2020.07.02 15:07:51 INFO  /Users/bertrandjunqua/Code/PrezIO/src/main/scala/prezio/Refactoring.scala:20:1: stale bloop error: illegal start of simple expression
}
^
2020.07.02 15:07:53 INFO  /Users/bertrandjunqua/Code/PrezIO/src/main/scala/prezio/Refactoring.scala:20:1: stale bloop error: illegal start of simple expression
}
^
2020.07.02 15:07:53 INFO  /Users/bertrandjunqua/Code/PrezIO/src/main/scala/prezio/Refactoring.scala:20:1: stale bloop error: illegal start of simple expression
}
^
2020.07.02 15:07:53 INFO  /Users/bertrandjunqua/Code/PrezIO/src/main/scala/prezio/Refactoring.scala:20:1: stale bloop error: illegal start of simple expression
}
^
2020.07.02 15:07:53 INFO  /Users/bertrandjunqua/Code/PrezIO/src/main/scala/prezio/Refactoring.scala:20:1: stale bloop error: illegal start of simple expression
}
^
2020.07.02 15:07:54 INFO  /Users/bertrandjunqua/Code/PrezIO/src/main/scala/prezio/Refactoring.scala:20:1: stale bloop error: illegal start of simple expression
}
^
2020.07.02 15:07:54 INFO  /Users/bertrandjunqua/Code/PrezIO/src/main/scala/prezio/Refactoring.scala:20:1: stale bloop error: illegal start of simple expression
}
^
2020.07.02 15:07:54 INFO  /Users/bertrandjunqua/Code/PrezIO/src/main/scala/prezio/Refactoring.scala:20:1: stale bloop error: illegal start of simple expression
}
^
2020.07.02 15:07:54 INFO  /Users/bertrandjunqua/Code/PrezIO/src/main/scala/prezio/Refactoring.scala:20:1: stale bloop error: illegal start of simple expression
}
^
juil. 02, 2020 3:08:00 PM org.eclipse.lsp4j.jsonrpc.RemoteEndpoint handleCancellation
AVERTISSEMENT: Unmatched cancel notification for request id 133
juil. 02, 2020 3:08:02 PM org.eclipse.lsp4j.jsonrpc.RemoteEndpoint handleCancellation
AVERTISSEMENT: Unmatched cancel notification for request id 137
2020.07.02 15:08:18 INFO  /Users/bertrandjunqua/Code/PrezIO/src/main/scala/prezio/Refactoring.scala:20:1: stale bloop error: illegal start of simple expression
}
^
2020.07.02 15:08:18 INFO  /Users/bertrandjunqua/Code/PrezIO/src/main/scala/prezio/Refactoring.scala:20:1: stale bloop error: illegal start of simple expression
}
^
2020.07.02 15:08:18 INFO  /Users/bertrandjunqua/Code/PrezIO/src/main/scala/prezio/Refactoring.scala:20:1: stale bloop error: illegal start of simple expression
}
^
2020.07.02 15:08:18 INFO  /Users/bertrandjunqua/Code/PrezIO/src/main/scala/prezio/Refactoring.scala:20:1: stale bloop error: illegal start of simple expression
}
^
2020.07.02 15:08:18 INFO  /Users/bertrandjunqua/Code/PrezIO/src/main/scala/prezio/Refactoring.scala:20:1: stale bloop error: illegal start of simple expression
}
^
2020.07.02 15:08:18 INFO  /Users/bertrandjunqua/Code/PrezIO/src/main/scala/prezio/Refactoring.scala:20:1: stale bloop error: illegal start of simple expression
}
^
juil. 02, 2020 3:08:34 PM org.eclipse.lsp4j.jsonrpc.RemoteEndpoint handleCancellation
AVERTISSEMENT: Unmatched cancel notification for request id 139
juil. 02, 2020 3:08:47 PM org.eclipse.lsp4j.jsonrpc.RemoteEndpoint handleCancellation
AVERTISSEMENT: Unmatched cancel notification for request id 167
2020.07.02 15:09:13 INFO  compiling prezio (1 scala source)
2020.07.02 15:09:13 INFO  time: compiled prezio in 0.24s
juil. 02, 2020 3:10:09 PM org.eclipse.lsp4j.jsonrpc.RemoteEndpoint handleCancellation
AVERTISSEMENT: Unmatched cancel notification for request id 172
juil. 02, 2020 3:10:18 PM org.eclipse.lsp4j.jsonrpc.RemoteEndpoint handleCancellation
AVERTISSEMENT: Unmatched cancel notification for request id 194
something's wrong: no file:///Users/bertrandjunqua/Code/PrezIO/src/main/scala/prezio/Refactoring.scala in List[<error>]RangePosition(file:///Users/bertrandjunqua/Code/PrezIO/src/main/scala/prezio/Refactoring.scala, 607, 607, 612)
juil. 02, 2020 3:10:25 PM org.eclipse.lsp4j.jsonrpc.RemoteEndpoint handleCancellation
AVERTISSEMENT: Unmatched cancel notification for request id 206
juil. 02, 2020 3:10:36 PM org.eclipse.lsp4j.jsonrpc.RemoteEndpoint handleCancellation
AVERTISSEMENT: Unmatched cancel notification for request id 217
2020.07.02 15:10:43 INFO  compiling prezio (1 scala source)
2020.07.02 15:10:43 INFO  time: compiled prezio in 0.29s
2020.07.02 15:10:56 INFO  compiling prezio (1 scala source)
2020.07.02 15:10:56 INFO  time: compiled prezio in 0.25s
2020.07.02 15:10:57 INFO  compiling prezio (1 scala source)
2020.07.02 15:10:57 INFO  time: compiled prezio in 0.24s
2020.07.02 15:11:29 INFO  compiling prezio (1 scala source)
2020.07.02 15:11:29 INFO  time: compiled prezio in 0.28s
2020.07.02 15:13:30 INFO  compiling prezio (1 scala source)
2020.07.02 15:13:30 INFO  time: compiled prezio in 0.21s
2020.07.02 15:13:36 INFO  compiling prezio (1 scala source)
2020.07.02 15:13:38 INFO  time: compiled prezio in 1.48s
2020.07.02 15:13:38 INFO  compiling prezio (1 scala source)
2020.07.02 15:13:38 INFO  time: compiled prezio in 0.36s
2020.07.02 15:14:23 INFO  compiling prezio (1 scala source)
2020.07.02 15:14:23 INFO  time: compiled prezio in 0.87s
juil. 02, 2020 3:14:32 PM org.eclipse.lsp4j.jsonrpc.RemoteEndpoint handleCancellation
AVERTISSEMENT: Unmatched cancel notification for request id 225
2020.07.02 15:14:52 INFO  compiling prezio (1 scala source)
2020.07.02 15:14:53 INFO  time: compiled prezio in 1.1s
2020.07.02 15:15:37 INFO  compiling prezio (1 scala source)
2020.07.02 15:15:37 INFO  time: compiled prezio in 0.92s
juil. 02, 2020 3:16:11 PM org.eclipse.lsp4j.jsonrpc.RemoteEndpoint handleCancellation
AVERTISSEMENT: Unmatched cancel notification for request id 242
2020.07.02 15:16:14 INFO  compiling prezio (1 scala source)
2020.07.02 15:16:14 INFO  time: compiled prezio in 0.75s
2020.07.02 15:16:26 INFO  compiling prezio (1 scala source)
2020.07.02 15:16:27 INFO  time: compiled prezio in 1.05s
2020.07.02 15:17:04 INFO  compiling prezio (1 scala source)
2020.07.02 15:17:04 INFO  time: compiled prezio in 0.74s
juil. 02, 2020 3:19:27 PM org.eclipse.lsp4j.jsonrpc.RemoteEndpoint handleCancellation
AVERTISSEMENT: Unmatched cancel notification for request id 258
juil. 02, 2020 3:19:42 PM scala.meta.internal.pc.CompilerAccess retryWithCleanCompiler
INFOS: compiler crashed due to an error in the Scala compiler, retrying with new compiler instance.
juil. 02, 2020 3:20:13 PM org.eclipse.lsp4j.jsonrpc.RemoteEndpoint handleCancellation
AVERTISSEMENT: Unmatched cancel notification for request id 269
juil. 02, 2020 3:20:23 PM org.eclipse.lsp4j.jsonrpc.RemoteEndpoint handleCancellation
AVERTISSEMENT: Unmatched cancel notification for request id 293
juil. 02, 2020 3:20:24 PM scala.meta.internal.pc.CompilerAccess handleError
GRAVE: null
java.lang.NullPointerException
	at scala.meta.internal.pc.completions.ArgCompletions$ArgCompletion.$anonfun$baseParams$1(ArgCompletions.scala:25)
	at scala.Option.getOrElse(Option.scala:201)
	at scala.meta.internal.pc.completions.ArgCompletions$ArgCompletion.baseParams$lzycompute(ArgCompletions.scala:25)
	at scala.meta.internal.pc.completions.ArgCompletions$ArgCompletion.baseParams(ArgCompletions.scala:21)
	at scala.meta.internal.pc.completions.ArgCompletions$ArgCompletion.allParams$lzycompute(ArgCompletions.scala:39)
	at scala.meta.internal.pc.completions.ArgCompletions$ArgCompletion.allParams(ArgCompletions.scala:38)
	at scala.meta.internal.pc.completions.ArgCompletions$ArgCompletion.params$lzycompute(ArgCompletions.scala:45)
	at scala.meta.internal.pc.completions.ArgCompletions$ArgCompletion.params(ArgCompletions.scala:44)
	at scala.meta.internal.pc.completions.ArgCompletions$ArgCompletion.contribute(ArgCompletions.scala:152)
	at scala.meta.internal.pc.CompletionProvider.expected$1(CompletionProvider.scala:360)
	at scala.meta.internal.pc.CompletionProvider.safeCompletionsAt(CompletionProvider.scala:438)
	at scala.meta.internal.pc.CompletionProvider.completions(CompletionProvider.scala:53)

2020.07.02 15:20:36 INFO  compiling prezio (1 scala source)
2020.07.02 15:20:36 INFO  time: compiled prezio in 61ms
2020.07.02 15:21:06 INFO  compiling prezio (1 scala source)
2020.07.02 15:21:06 INFO  time: compiled prezio in 0.23s
juil. 02, 2020 3:21:40 PM org.eclipse.lsp4j.jsonrpc.RemoteEndpoint handleCancellation
AVERTISSEMENT: Unmatched cancel notification for request id 304
juil. 02, 2020 3:21:40 PM org.eclipse.lsp4j.jsonrpc.RemoteEndpoint handleCancellation
AVERTISSEMENT: Unmatched cancel notification for request id 336
2020.07.02 15:21:55 INFO  compiling prezio (1 scala source)
2020.07.02 15:21:55 INFO  time: compiled prezio in 0.19s
2020.07.02 15:22:24 INFO  compiling prezio (1 scala source)
2020.07.02 15:22:24 INFO  time: compiled prezio in 0.81s
juil. 02, 2020 3:25:28 PM org.eclipse.lsp4j.jsonrpc.RemoteEndpoint handleCancellation
AVERTISSEMENT: Unmatched cancel notification for request id 334
juil. 02, 2020 3:25:49 PM org.eclipse.lsp4j.jsonrpc.RemoteEndpoint handleCancellation
AVERTISSEMENT: Unmatched cancel notification for request id 359
juil. 02, 2020 3:25:59 PM org.eclipse.lsp4j.jsonrpc.RemoteEndpoint handleCancellation
AVERTISSEMENT: Unmatched cancel notification for request id 365
something's wrong: no file:///Users/bertrandjunqua/Code/PrezIO/src/main/scala/prezio/Refactoring.scala in cats.effect.IO[<error>]RangePosition(file:///Users/bertrandjunqua/Code/PrezIO/src/main/scala/prezio/Refactoring.scala, 461, 461, 754)
juil. 02, 2020 3:26:04 PM org.eclipse.lsp4j.jsonrpc.RemoteEndpoint handleCancellation
AVERTISSEMENT: Unmatched cancel notification for request id 381
juil. 02, 2020 3:26:33 PM org.eclipse.lsp4j.jsonrpc.RemoteEndpoint handleCancellation
AVERTISSEMENT: Unmatched cancel notification for request id 376
2020.07.02 15:26:39 INFO  compiling prezio (1 scala source)
2020.07.02 15:26:39 INFO  time: compiled prezio in 0.32s
2020.07.02 15:26:59 INFO  compiling prezio (1 scala source)
2020.07.02 15:26:59 INFO  time: compiled prezio in 0.8s
2020.07.02 15:27:04 INFO  compiling prezio (1 scala source)
2020.07.02 15:27:04 INFO  time: compiled prezio in 0.79s
2020.07.02 15:27:05 INFO  compiling prezio (1 scala source)
2020.07.02 15:27:05 INFO  time: compiled prezio in 0.37s
juil. 02, 2020 3:28:58 PM org.eclipse.lsp4j.jsonrpc.RemoteEndpoint handleCancellation
AVERTISSEMENT: Unmatched cancel notification for request id 397
juil. 02, 2020 3:29:03 PM org.eclipse.lsp4j.jsonrpc.RemoteEndpoint handleCancellation
AVERTISSEMENT: Unmatched cancel notification for request id 435
2020.07.02 15:29:18 INFO  compiling prezio (1 scala source)
2020.07.02 15:29:19 INFO  time: compiled prezio in 1.11s
No more data in the client stdin, exiting...
No more data in the server stdin, exiting...
No more data in the server stdin, exiting...
2020.07.02 15:37:09 INFO  started: Metals version 0.9.0 in workspace '/Users/bertrandjunqua/Code/PrezIO'
2020.07.02 15:37:10 INFO  time: initialize in 1.07s
Starting the bsp launcher for bloop...
Opening a bsp server connection with 'bsp --protocol local --socket /var/folders/8g/qr1hxqxd5_3b0gnhj867khpm0000gr/T/bsp-launcher6700269537476281209/bsp.socket'...
Waiting for the bsp connection to come up...
2020.07.02 15:37:14 INFO  skipping build import with status 'Installed'
[0m[32m[D][0m Waiting for a connection at local:///var/folders/8g/qr1hxqxd5_3b0gnhj867khpm0000gr/T/bsp-launcher6700269537476281209/bsp.socket...
The server is listening for incoming connections at local:///var/folders/8g/qr1hxqxd5_3b0gnhj867khpm0000gr/T/bsp-launcher6700269537476281209/bsp.socket...
2020.07.02 15:37:14 INFO  no build target: using presentation compiler with only scala-library
Starting thread that pumps stdin and redirects it to the bsp server...
Starting thread that pumps server stdout and redirects it to the client stdout...
2020.07.02 15:37:14 INFO  tracing is disabled for protocol BSP, to enable tracing of incoming and outgoing JSON messages create an empty file at /Users/bertrandjunqua/Library/Caches/org.scalameta.metals/bsp.trace.json
2020.07.02 15:37:14 INFO  time: connected to build server in 0.33s
2020.07.02 15:37:14 INFO  Connected to Build server v1.4.0-RC1-229-b7c15aa9
2020.07.02 15:37:16 INFO  compiling prezio (1 scala source)
2020.07.02 15:37:17 INFO  time: indexed workspace in 2.74s
2020.07.02 15:37:16 INFO  Deduplicating compilation of prezio from bsp client 'Metals 0.9.0' (since 2.829s)
2020.07.02 15:37:16 INFO  compiling prezio (1 scala source)
2020.07.02 15:37:18 INFO  compiling prezio-test (5 scala sources)
2020.07.02 15:37:18 INFO  time: compiled prezio in 1.25s
2020.07.02 15:37:18 INFO  time: compiled prezio-test in 0.36s
juil. 02, 2020 3:37:43 PM org.eclipse.lsp4j.jsonrpc.RemoteEndpoint handleCancellation
AVERTISSEMENT: Unmatched cancel notification for request id 9
juil. 02, 2020 3:39:10 PM org.eclipse.lsp4j.jsonrpc.RemoteEndpoint handleCancellation
AVERTISSEMENT: Unmatched cancel notification for request id 19
juil. 02, 2020 3:39:21 PM scala.meta.internal.pc.CompletionProvider expected$1
AVERTISSEMENT: offset 210, count -1, length 328
juil. 02, 2020 3:39:28 PM org.eclipse.lsp4j.jsonrpc.RemoteEndpoint handleCancellation
AVERTISSEMENT: Unmatched cancel notification for request id 55
2020.07.02 15:39:41 INFO  compiling prezio (3 scala sources)
2020.07.02 15:39:41 INFO  time: compiled prezio in 0.32s
juil. 02, 2020 3:39:46 PM org.eclipse.lsp4j.jsonrpc.RemoteEndpoint handleCancellation
AVERTISSEMENT: Unmatched cancel notification for request id 66
2020.07.02 15:39:50 INFO  compiling prezio (3 scala sources)
2020.07.02 15:39:50 INFO  time: compiled prezio in 0.3s
2020.07.02 15:40:01 INFO  compiling prezio (3 scala sources)
2020.07.02 15:40:01 INFO  time: compiled prezio in 0.92s
2020.07.02 15:40:30 INFO  compiling prezio (1 scala source)
2020.07.02 15:40:30 INFO  time: compiled prezio in 0.82s
juil. 02, 2020 3:40:34 PM org.eclipse.lsp4j.jsonrpc.RemoteEndpoint handleCancellation
AVERTISSEMENT: Unmatched cancel notification for request id 73
2020.07.02 15:40:43 INFO  compiling prezio (1 scala source)
2020.07.02 15:40:43 INFO  time: compiled prezio in 0.26s
2020.07.02 15:40:58 INFO  compiling prezio (1 scala source)
2020.07.02 15:40:58 INFO  time: compiled prezio in 0.82s
2020.07.02 15:41:48 INFO  compiling prezio (1 scala source)
2020.07.02 15:41:48 INFO  time: compiled prezio in 0.84s
2020.07.02 15:42:00 INFO  compiling prezio (1 scala source)
2020.07.02 15:42:00 INFO  time: compiled prezio in 0.31s
2020.07.02 15:48:49 INFO  compiling prezio (1 scala source)
2020.07.02 15:48:49 INFO  time: compiled prezio in 0.96s
2020.07.02 15:48:57 INFO  compiling prezio (1 scala source)
2020.07.02 15:48:57 INFO  time: compiled prezio in 0.73s
No more data in the client stdin, exiting...
No more data in the server stdin, exiting...
No more data in the server stdin, exiting...
2020.07.02 15:49:52 INFO  started: Metals version 0.9.0 in workspace '/Users/bertrandjunqua/Code/PrezIO'
2020.07.02 15:49:53 INFO  time: initialize in 1.02s
Starting the bsp launcher for bloop...
Opening a bsp server connection with 'bsp --protocol local --socket /var/folders/8g/qr1hxqxd5_3b0gnhj867khpm0000gr/T/bsp-launcher5545826478949992691/bsp.socket'...
Waiting for the bsp connection to come up...
2020.07.02 15:49:57 INFO  skipping build import with status 'Installed'
[0m[32m[D][0m Waiting for a connection at local:///var/folders/8g/qr1hxqxd5_3b0gnhj867khpm0000gr/T/bsp-launcher5545826478949992691/bsp.socket...
The server is listening for incoming connections at local:///var/folders/8g/qr1hxqxd5_3b0gnhj867khpm0000gr/T/bsp-launcher5545826478949992691/bsp.socket...
2020.07.02 15:49:57 INFO  no build target: using presentation compiler with only scala-library
Starting thread that pumps stdin and redirects it to the bsp server...
Starting thread that pumps server stdout and redirects it to the client stdout...
2020.07.02 15:49:57 INFO  tracing is disabled for protocol BSP, to enable tracing of incoming and outgoing JSON messages create an empty file at /Users/bertrandjunqua/Library/Caches/org.scalameta.metals/bsp.trace.json
2020.07.02 15:49:57 INFO  time: connected to build server in 0.32s
2020.07.02 15:49:57 INFO  Connected to Build server v1.4.0-RC1-229-b7c15aa9
2020.07.02 15:49:59 INFO  time: indexed workspace in 2.25s
2020.07.02 15:49:59 INFO  Deduplicating compilation of prezio from bsp client 'Metals 0.9.0' (since 2.324s)
2020.07.02 15:49:59 INFO  compiling prezio (3 scala sources)
2020.07.02 15:49:59 INFO  compiling prezio (3 scala sources)
2020.07.02 15:50:01 INFO  compiling prezio-test (5 scala sources)
2020.07.02 15:50:01 INFO  time: compiled prezio in 1.23s
2020.07.02 15:50:01 INFO  time: compiled prezio-test in 0.35s
juil. 02, 2020 3:50:35 PM org.eclipse.lsp4j.jsonrpc.RemoteEndpoint handleCancellation
AVERTISSEMENT: Unmatched cancel notification for request id 3
juil. 02, 2020 3:51:00 PM org.eclipse.lsp4j.jsonrpc.RemoteEndpoint handleCancellation
AVERTISSEMENT: Unmatched cancel notification for request id 9
2020.07.02 15:51:07 INFO  compiling prezio (1 scala source)
2020.07.02 15:51:07 INFO  time: compiled prezio in 0.22s
2020.07.02 15:51:23 INFO  compiling prezio (1 scala source)
2020.07.02 15:51:23 INFO  time: compiled prezio in 0.73s
2020.07.02 15:51:40 INFO  compiling prezio (1 scala source)
2020.07.02 15:51:40 INFO  time: compiled prezio in 0.71s
juil. 02, 2020 3:52:00 PM org.eclipse.lsp4j.jsonrpc.RemoteEndpoint handleCancellation
AVERTISSEMENT: Unmatched cancel notification for request id 18
2020.07.02 15:52:08 INFO  compiling prezio (1 scala source)
2020.07.02 15:52:10 INFO  time: compiled prezio in 1.11s
juil. 02, 2020 3:53:49 PM scala.meta.internal.pc.CompilerAccess retryWithCleanCompiler
INFOS: compiler crashed due to an error in the Scala compiler, retrying with new compiler instance.
juil. 02, 2020 3:53:49 PM scala.meta.internal.pc.CompilerAccess handleError
GRAVE: assertion failed: bad position: [394:377]
java.lang.AssertionError: assertion failed: bad position: [394:377]
	at scala.reflect.internal.util.Position$.validate(Position.scala:41)
	at scala.reflect.internal.util.Position$.range(Position.scala:58)
	at scala.reflect.internal.util.InternalPositionImpl.withStart(Position.scala:220)
	at scala.reflect.internal.util.InternalPositionImpl.withStart$(Position.scala:135)
	at scala.reflect.internal.util.Position.withStart(Position.scala:19)
	at scala.meta.internal.pc.CompletionProvider.editRange$lzycompute$1(CompletionProvider.scala:337)
	at scala.meta.internal.pc.CompletionProvider.editRange$2(CompletionProvider.scala:336)
	at scala.meta.internal.pc.CompletionProvider.expected$1(CompletionProvider.scala:345)
	at scala.meta.internal.pc.CompletionProvider.safeCompletionsAt(CompletionProvider.scala:440)
	at scala.meta.internal.pc.CompletionProvider.completions(CompletionProvider.scala:53)

2020.07.02 15:53:53 INFO  compiling prezio (1 scala source)
2020.07.02 15:53:53 INFO  time: compiled prezio in 0.77s
2020.07.02 15:53:56 INFO  compiling prezio (1 scala source)
2020.07.02 15:53:56 INFO  time: compiled prezio in 0.23s
2020.07.02 15:54:03 INFO  compiling prezio (1 scala source)
2020.07.02 15:54:04 INFO  time: compiled prezio in 1.04s
2020.07.02 15:54:06 INFO  compiling prezio (1 scala source)
2020.07.02 15:54:06 INFO  time: compiled prezio in 0.65s
juil. 02, 2020 3:57:56 PM org.eclipse.lsp4j.jsonrpc.RemoteEndpoint handleCancellation
AVERTISSEMENT: Unmatched cancel notification for request id 37
juil. 02, 2020 3:58:17 PM org.eclipse.lsp4j.jsonrpc.RemoteEndpoint handleCancellation
AVERTISSEMENT: Unmatched cancel notification for request id 75
2020.07.02 15:58:29 INFO  compiling prezio (1 scala source)
2020.07.02 15:58:29 INFO  time: compiled prezio in 0.3s
juil. 02, 2020 3:58:46 PM org.eclipse.lsp4j.jsonrpc.RemoteEndpoint handleCancellation
AVERTISSEMENT: Unmatched cancel notification for request id 86
2020.07.02 15:58:51 INFO  compiling prezio (1 scala source)
2020.07.02 15:58:51 INFO  time: compiled prezio in 0.12s
juil. 02, 2020 3:58:55 PM org.eclipse.lsp4j.jsonrpc.RemoteEndpoint handleCancellation
AVERTISSEMENT: Unmatched cancel notification for request id 106
2020.07.02 15:58:55 INFO  compiling prezio (1 scala source)
2020.07.02 15:58:55 INFO  time: compiled prezio in 0.25s
2020.07.02 15:59:30 INFO  compiling prezio (1 scala source)
2020.07.02 15:59:30 INFO  time: compiled prezio in 0.24s
2020.07.02 16:00:31 INFO  compiling prezio (1 scala source)
2020.07.02 16:00:31 INFO  time: compiled prezio in 0.25s
2020.07.02 16:00:46 INFO  compiling prezio (1 scala source)
2020.07.02 16:00:46 INFO  time: compiled prezio in 0.21s
juil. 02, 2020 4:00:55 PM scala.meta.internal.pc.CompilerAccess retryWithCleanCompiler
INFOS: compiler crashed due to an error in the Scala compiler, retrying with new compiler instance.
juil. 02, 2020 4:00:55 PM scala.meta.internal.pc.CompilerAccess handleError
GRAVE: implicit class <error> extends  (of class scala.reflect.internal.Trees$ClassDef)
scala.MatchError: implicit class <error> extends  (of class scala.reflect.internal.Trees$ClassDef)
	at scala.tools.nsc.typechecker.Unapplies.constrParamss(Unapplies.scala:87)
	at scala.tools.nsc.typechecker.Unapplies.factoryMeth(Unapplies.scala:140)
	at scala.tools.nsc.typechecker.Unapplies.factoryMeth$(Unapplies.scala:137)
	at scala.meta.internal.pc.MetalsGlobal$MetalsInteractiveAnalyzer.factoryMeth(MetalsGlobal.scala:52)
	at scala.tools.nsc.typechecker.MethodSynthesis$MethodSynth.enterImplicitWrapper(MethodSynthesis.scala:238)
	at scala.tools.nsc.typechecker.MethodSynthesis$MethodSynth.enterImplicitWrapper$(MethodSynthesis.scala:237)
	at scala.tools.nsc.typechecker.Namers$Namer.enterImplicitWrapper(Namers.scala:57)
	at scala.tools.nsc.interactive.InteractiveAnalyzer$InteractiveNamer.enterExistingSym(Global.scala:94)
	at scala.tools.nsc.interactive.InteractiveAnalyzer$InteractiveNamer.enterExistingSym$(Global.scala:80)
	at scala.tools.nsc.interactive.InteractiveAnalyzer$$anon$2.enterExistingSym(Global.scala:51)
	at scala.tools.nsc.typechecker.Namers$Namer.standardEnterSym(Namers.scala:306)
	at scala.tools.nsc.typechecker.AnalyzerPlugins.pluginsEnterSym(AnalyzerPlugins.scala:478)
	at scala.tools.nsc.typechecker.AnalyzerPlugins.pluginsEnterSym$(AnalyzerPlugins.scala:477)
	at scala.meta.internal.pc.MetalsGlobal$MetalsInteractiveAnalyzer.pluginsEnterSym(MetalsGlobal.scala:52)
	at scala.tools.nsc.typechecker.Namers$Namer.enterSym(Namers.scala:280)
	at scala.tools.nsc.typechecker.Typers$Typer.enterSym(Typers.scala:2003)
	at scala.tools.nsc.typechecker.Typers$Typer.enterSyms(Typers.scala:1998)
	at scala.tools.nsc.typechecker.Typers$Typer.typedTemplate(Typers.scala:2058)
	at scala.tools.nsc.typechecker.Typers$Typer.typedModuleDef(Typers.scala:1957)
	at scala.tools.nsc.typechecker.Typers$Typer.typed1(Typers.scala:5930)
	at scala.tools.nsc.typechecker.Typers$Typer.typed(Typers.scala:6020)
	at scala.tools.nsc.typechecker.Typers$Typer.typedStat$1(Typers.scala:6098)
	at scala.tools.nsc.typechecker.Typers$Typer.$anonfun$typedStats$8(Typers.scala:3452)
	at scala.tools.nsc.typechecker.Typers$Typer.typedStats(Typers.scala:3452)
	at scala.tools.nsc.typechecker.Typers$Typer.typedPackageDef$1(Typers.scala:5629)
	at scala.tools.nsc.typechecker.Typers$Typer.typed1(Typers.scala:5932)
	at scala.tools.nsc.typechecker.Typers$Typer.typed(Typers.scala:6020)
	at scala.tools.nsc.typechecker.Analyzer$typerFactory$TyperPhase.apply(Analyzer.scala:117)
	at scala.tools.nsc.Global$GlobalPhase.applyPhase(Global.scala:451)
	at scala.tools.nsc.interactive.Global$TyperRun.applyPhase(Global.scala:1344)
	at scala.tools.nsc.interactive.Global$TyperRun.typeCheck(Global.scala:1337)
	at scala.tools.nsc.interactive.Global.typeCheck(Global.scala:668)
	at scala.tools.nsc.interactive.Global.typedTreeAt(Global.scala:817)
	at scala.tools.nsc.interactive.Global.completionsAt(Global.scala:1229)
	at scala.meta.internal.pc.CompletionProvider.safeCompletionsAt(CompletionProvider.scala:370)
	at scala.meta.internal.pc.CompletionProvider.completions(CompletionProvider.scala:53)

juil. 02, 2020 4:00:57 PM scala.meta.internal.pc.CompilerAccess retryWithCleanCompiler
INFOS: compiler crashed due to an error in the Scala compiler, retrying with new compiler instance.
juil. 02, 2020 4:00:57 PM scala.meta.internal.pc.CompilerAccess handleError
GRAVE: implicit class <error> extends  (of class scala.reflect.internal.Trees$ClassDef)
scala.MatchError: implicit class <error> extends  (of class scala.reflect.internal.Trees$ClassDef)
	at scala.tools.nsc.typechecker.Unapplies.constrParamss(Unapplies.scala:87)
	at scala.tools.nsc.typechecker.Unapplies.factoryMeth(Unapplies.scala:140)
	at scala.tools.nsc.typechecker.Unapplies.factoryMeth$(Unapplies.scala:137)
	at scala.meta.internal.pc.MetalsGlobal$MetalsInteractiveAnalyzer.factoryMeth(MetalsGlobal.scala:52)
	at scala.tools.nsc.typechecker.MethodSynthesis$MethodSynth.enterImplicitWrapper(MethodSynthesis.scala:238)
	at scala.tools.nsc.typechecker.MethodSynthesis$MethodSynth.enterImplicitWrapper$(MethodSynthesis.scala:237)
	at scala.tools.nsc.typechecker.Namers$Namer.enterImplicitWrapper(Namers.scala:57)
	at scala.tools.nsc.interactive.InteractiveAnalyzer$InteractiveNamer.enterExistingSym(Global.scala:94)
	at scala.tools.nsc.interactive.InteractiveAnalyzer$InteractiveNamer.enterExistingSym$(Global.scala:80)
	at scala.tools.nsc.interactive.InteractiveAnalyzer$$anon$2.enterExistingSym(Global.scala:51)
	at scala.tools.nsc.typechecker.Namers$Namer.standardEnterSym(Namers.scala:306)
	at scala.tools.nsc.typechecker.AnalyzerPlugins.pluginsEnterSym(AnalyzerPlugins.scala:478)
	at scala.tools.nsc.typechecker.AnalyzerPlugins.pluginsEnterSym$(AnalyzerPlugins.scala:477)
	at scala.meta.internal.pc.MetalsGlobal$MetalsInteractiveAnalyzer.pluginsEnterSym(MetalsGlobal.scala:52)
	at scala.tools.nsc.typechecker.Namers$Namer.enterSym(Namers.scala:280)
	at scala.tools.nsc.typechecker.Typers$Typer.enterSym(Typers.scala:2003)
	at scala.tools.nsc.typechecker.Typers$Typer.enterSyms(Typers.scala:1998)
	at scala.tools.nsc.typechecker.Typers$Typer.typedTemplate(Typers.scala:2058)
	at scala.tools.nsc.typechecker.Typers$Typer.typedModuleDef(Typers.scala:1957)
	at scala.tools.nsc.typechecker.Typers$Typer.typed1(Typers.scala:5930)
	at scala.tools.nsc.typechecker.Typers$Typer.typed(Typers.scala:6020)
	at scala.tools.nsc.typechecker.Typers$Typer.typedStat$1(Typers.scala:6098)
	at scala.tools.nsc.typechecker.Typers$Typer.$anonfun$typedStats$8(Typers.scala:3452)
	at scala.tools.nsc.typechecker.Typers$Typer.typedStats(Typers.scala:3452)
	at scala.tools.nsc.typechecker.Typers$Typer.typedPackageDef$1(Typers.scala:5629)
	at scala.tools.nsc.typechecker.Typers$Typer.typed1(Typers.scala:5932)
	at scala.tools.nsc.typechecker.Typers$Typer.typed(Typers.scala:6020)
	at scala.tools.nsc.typechecker.Analyzer$typerFactory$TyperPhase.apply(Analyzer.scala:117)
	at scala.tools.nsc.Global$GlobalPhase.applyPhase(Global.scala:451)
	at scala.tools.nsc.interactive.Global$TyperRun.applyPhase(Global.scala:1344)
	at scala.tools.nsc.interactive.Global$TyperRun.typeCheck(Global.scala:1337)
	at scala.tools.nsc.interactive.Global.typeCheck(Global.scala:668)
	at scala.tools.nsc.interactive.Global.typedTreeAt(Global.scala:817)
	at scala.tools.nsc.interactive.Global.completionsAt(Global.scala:1229)
	at scala.meta.internal.pc.CompletionProvider.safeCompletionsAt(CompletionProvider.scala:370)
	at scala.meta.internal.pc.CompletionProvider.completions(CompletionProvider.scala:53)

2020.07.02 16:01:05 INFO  /Users/bertrandjunqua/Code/PrezIO/src/main/scala/prezio/Goodies.scala:32:5: stale bloop error: could not find implicit value for parameter P: cats.Parallel[cats.effect.IO]
    List(effect1, effect2, effect3).parSequence.unsafeRunAsync(_ => ())
    ^^^^^^^^^^^^^^^^^^^^^^^^^^^^^^^^^^^^^^^^^^^
2020.07.02 16:01:05 INFO  /Users/bertrandjunqua/Code/PrezIO/src/main/scala/prezio/Goodies.scala:32:5: stale bloop error: could not find implicit value for parameter P: cats.Parallel[cats.effect.IO]
    List(effect1, effect2, effect3).parSequence.unsafeRunAsync(_ => ())
    ^^^^^^^^^^^^^^^^^^^^^^^^^^^^^^^^^^^^^^^^^^^
2020.07.02 16:01:05 INFO  /Users/bertrandjunqua/Code/PrezIO/src/main/scala/prezio/Goodies.scala:32:5: stale bloop error: could not find implicit value for parameter P: cats.Parallel[cats.effect.IO]
    List(effect1, effect2, effect3).parSequence.unsafeRunAsync(_ => ())
    ^^^^^^^^^^^^^^^^^^^^^^^^^^^^^^^^^^^^^^^^^^^
2020.07.02 16:01:05 INFO  /Users/bertrandjunqua/Code/PrezIO/src/main/scala/prezio/Goodies.scala:32:5: stale bloop error: could not find implicit value for parameter P: cats.Parallel[cats.effect.IO]
    List(effect1, effect2, effect3).parSequence.unsafeRunAsync(_ => ())
    ^^^^^^^^^^^^^^^^^^^^^^^^^^^^^^^^^^^^^^^^^^^
juil. 02, 2020 4:01:07 PM org.eclipse.lsp4j.jsonrpc.RemoteEndpoint handleCancellation
AVERTISSEMENT: Unmatched cancel notification for request id 108
juil. 02, 2020 4:01:07 PM scala.meta.internal.pc.completions.Completions completionPosition
GRAVE: null
java.lang.NullPointerException
	at scala.meta.internal.pc.completions.OverrideCompletions$OverrideCompletion.<init>(OverrideCompletions.scala:44)
	at scala.meta.internal.pc.completions.Completions.completionPositionUnsafe(Completions.scala:490)
	at scala.meta.internal.pc.completions.Completions.completionPositionUnsafe$(Completions.scala:402)
	at scala.meta.internal.pc.MetalsGlobal.completionPositionUnsafe(MetalsGlobal.scala:25)
	at scala.meta.internal.pc.completions.Completions.completionPosition(Completions.scala:394)
	at scala.meta.internal.pc.completions.Completions.completionPosition$(Completions.scala:379)
	at scala.meta.internal.pc.MetalsGlobal.completionPosition(MetalsGlobal.scala:25)
	at scala.meta.internal.pc.CompletionProvider.safeCompletionsAt(CompletionProvider.scala:416)
	at scala.meta.internal.pc.CompletionProvider.completions(CompletionProvider.scala:53)
	at scala.meta.internal.pc.ScalaPresentationCompiler.$anonfun$complete$1(ScalaPresentationCompiler.scala:170)
	at scala.meta.internal.pc.CompilerAccess.withSharedCompiler(CompilerAccess.scala:127)
	at scala.meta.internal.pc.CompilerAccess.$anonfun$withInterruptableCompiler$1(CompilerAccess.scala:81)
	at scala.meta.internal.pc.CompilerAccess.$anonfun$onCompilerJobQueue$1(CompilerAccess.scala:185)
	at scala.meta.internal.pc.CompilerJobQueue$Job.run(CompilerJobQueue.scala:101)
	at java.base/java.util.concurrent.ThreadPoolExecutor.runWorker(ThreadPoolExecutor.java:1128)
	at java.base/java.util.concurrent.ThreadPoolExecutor$Worker.run(ThreadPoolExecutor.java:628)
	at java.base/java.lang.Thread.run(Thread.java:834)

2020.07.02 16:01:08 INFO  compiling prezio (1 scala source)
2020.07.02 16:01:08 INFO  time: compiled prezio in 0.26s
2020.07.02 16:01:17 INFO  compiling prezio (1 scala source)
2020.07.02 16:01:17 INFO  time: compiled prezio in 0.23s
2020.07.02 16:02:52 INFO  compiling prezio (1 scala source)
2020.07.02 16:02:52 INFO  time: compiled prezio in 0.84s
2020.07.02 16:02:55 INFO  compiling prezio (1 scala source)
2020.07.02 16:02:55 INFO  time: compiled prezio in 0.77s
2020.07.02 16:03:02 INFO  compiling prezio (1 scala source)
2020.07.02 16:03:02 INFO  time: compiled prezio in 0.22s
2020.07.02 16:03:11 INFO  compiling prezio (1 scala source)
2020.07.02 16:03:11 INFO  time: compiled prezio in 0.78s
2020.07.02 16:03:13 INFO  compiling prezio (1 scala source)
2020.07.02 16:03:13 INFO  time: compiled prezio in 0.75s
2020.07.02 16:03:17 INFO  compiling prezio (1 scala source)
2020.07.02 16:03:17 INFO  time: compiled prezio in 0.86s
2020.07.02 16:03:22 INFO  compiling prezio (1 scala source)
2020.07.02 16:03:22 INFO  time: compiled prezio in 0.8s
2020.07.02 16:03:25 INFO  compiling prezio (1 scala source)
2020.07.02 16:03:26 INFO  time: compiled prezio in 1.03s
2020.07.02 16:05:23 INFO  compiling prezio (1 scala source)
2020.07.02 16:05:23 INFO  time: compiled prezio in 0.8s
No more data in the client stdin, exiting...
No more data in the server stdin, exiting...
No more data in the server stdin, exiting...
2020.07.02 16:10:11 WARN  resetting database: /Users/bertrandjunqua/Code/PrezIO/.metals/metals.h2.db
2020.07.02 16:10:24 INFO  started: Metals version 0.9.0 in workspace '/Users/bertrandjunqua/Code/PrezIO'
2020.07.02 16:10:25 INFO  time: initialize in 1.07s
Starting the bsp launcher for bloop...
Opening a bsp server connection with 'bsp --protocol local --socket /var/folders/8g/qr1hxqxd5_3b0gnhj867khpm0000gr/T/bsp-launcher14154325181194343532/bsp.socket'...
Waiting for the bsp connection to come up...
2020.07.02 16:10:29 INFO  skipping build import with status 'Installed'
[0m[32m[D][0m Waiting for a connection at local:///var/folders/8g/qr1hxqxd5_3b0gnhj867khpm0000gr/T/bsp-launcher14154325181194343532/bsp.socket...
The server is listening for incoming connections at local:///var/folders/8g/qr1hxqxd5_3b0gnhj867khpm0000gr/T/bsp-launcher14154325181194343532/bsp.socket...
2020.07.02 16:10:29 INFO  no build target: using presentation compiler with only scala-library
Starting thread that pumps stdin and redirects it to the bsp server...
Starting thread that pumps server stdout and redirects it to the client stdout...
2020.07.02 16:10:29 INFO  tracing is disabled for protocol BSP, to enable tracing of incoming and outgoing JSON messages create an empty file at /Users/bertrandjunqua/Library/Caches/org.scalameta.metals/bsp.trace.json
2020.07.02 16:10:29 INFO  time: connected to build server in 0.37s
2020.07.02 16:10:29 INFO  Connected to Build server v1.4.0-RC1-229-b7c15aa9
2020.07.02 16:10:32 INFO  time: indexed workspace in 2.43s
2020.07.02 16:10:39 INFO  running '/usr/local/Cellar/openjdk@11/11.0.7+10/libexec/openjdk.jdk/Contents/Home/bin/java -Djline.terminal=jline.UnsupportedTerminal -Dsbt.log.noformat=true -Dfile.encoding=UTF-8 -jar /var/folders/8g/qr1hxqxd5_3b0gnhj867khpm0000gr/T/metals11782771440966491301/sbt-launch.jar -Dbloop.export-jar-classifiers=sources bloopInstall'
2020.07.02 16:10:47 INFO  [info] Loading settings for project prezio-build from plugins.sbt,metals.sbt ...
2020.07.02 16:10:47 INFO  [info] Loading project definition from /Users/bertrandjunqua/Code/PrezIO/project
2020.07.02 16:10:49 INFO  [info] Loading settings for project prezio from build.sbt ...
2020.07.02 16:10:49 INFO  [info] Set current project to PrezIO (in build file:/Users/bertrandjunqua/Code/PrezIO/)
2020.07.02 16:10:51 INFO  [success] Generated .bloop/prezio-test.json
2020.07.02 16:10:51 INFO  [success] Generated .bloop/prezio.json
2020.07.02 16:10:51 INFO  [success] Total time: 1 s, completed 2 juil. 2020 à 16:10:51
2020.07.02 16:10:51 INFO  time: ran 'sbt bloopInstall' in 12s
2020.07.02 16:10:51 INFO  build tool exit: 0
2020.07.02 16:10:51 INFO  disconnected: build server
No more data in the client stdin, exiting...
No more data in the server stdin, exiting...
No more data in the server stdin, exiting...
Starting the bsp launcher for bloop...
Opening a bsp server connection with 'bsp --protocol local --socket /var/folders/8g/qr1hxqxd5_3b0gnhj867khpm0000gr/T/bsp-launcher14254455348899962021/bsp.socket'...
Waiting for the bsp connection to come up...
[0m[32m[D][0m Waiting for a connection at local:///var/folders/8g/qr1hxqxd5_3b0gnhj867khpm0000gr/T/bsp-launcher14254455348899962021/bsp.socket...
The server is listening for incoming connections at local:///var/folders/8g/qr1hxqxd5_3b0gnhj867khpm0000gr/T/bsp-launcher14254455348899962021/bsp.socket...
Starting thread that pumps stdin and redirects it to the bsp server...
Starting thread that pumps server stdout and redirects it to the client stdout...
2020.07.02 16:10:51 INFO  tracing is disabled for protocol BSP, to enable tracing of incoming and outgoing JSON messages create an empty file at /Users/bertrandjunqua/Library/Caches/org.scalameta.metals/bsp.trace.json
2020.07.02 16:10:51 INFO  Connected to Build server v1.4.0-RC1-229-b7c15aa9
2020.07.02 16:10:51 INFO  time: indexed workspace in 0.93s
No more data in the client stdin, exiting...
No more data in the server stdin, exiting...
No more data in the server stdin, exiting...
2020.07.02 16:11:54 INFO  started: Metals version 0.9.0 in workspace '/Users/bertrandjunqua/Code/PrezIO'
2020.07.02 16:11:55 INFO  time: initialize in 1.02s
Starting the bsp launcher for bloop...
Opening a bsp server connection with 'bsp --protocol local --socket /var/folders/8g/qr1hxqxd5_3b0gnhj867khpm0000gr/T/bsp-launcher9252714081580655798/bsp.socket'...
Waiting for the bsp connection to come up...
[0m[32m[D][0m Waiting for a connection at local:///var/folders/8g/qr1hxqxd5_3b0gnhj867khpm0000gr/T/bsp-launcher9252714081580655798/bsp.socket...
The server is listening for incoming connections at local:///var/folders/8g/qr1hxqxd5_3b0gnhj867khpm0000gr/T/bsp-launcher9252714081580655798/bsp.socket...
2020.07.02 16:11:59 INFO  skipping build import with status 'Installed'
2020.07.02 16:11:59 INFO  no build target: using presentation compiler with only scala-library
Starting thread that pumps stdin and redirects it to the bsp server...
Starting thread that pumps server stdout and redirects it to the client stdout...
2020.07.02 16:11:59 INFO  tracing is disabled for protocol BSP, to enable tracing of incoming and outgoing JSON messages create an empty file at /Users/bertrandjunqua/Library/Caches/org.scalameta.metals/bsp.trace.json
2020.07.02 16:11:59 INFO  time: connected to build server in 0.29s
2020.07.02 16:11:59 INFO  Connected to Build server v1.4.0-RC1-229-b7c15aa9
2020.07.02 16:12:02 INFO  time: indexed workspace in 2.16s
2020.07.02 16:12:02 INFO  Deduplicating compilation of prezio from bsp client 'Metals 0.9.0' (since 2.218s)
2020.07.02 16:12:02 INFO  compiling prezio (1 scala source)
2020.07.02 16:12:02 INFO  compiling prezio (1 scala source)
2020.07.02 16:12:02 INFO  compiling prezio-test (5 scala sources)
2020.07.02 16:12:02 INFO  time: compiled prezio in 0.85s
2020.07.02 16:12:03 INFO  time: compiled prezio-test in 0.26s
2020.07.02 16:14:54 INFO  compiling prezio (2 scala sources)
2020.07.02 16:14:54 INFO  time: compiled prezio in 0.1s
2020.07.02 16:15:05 INFO  compiling prezio (2 scala sources)
2020.07.02 16:15:05 INFO  time: compiled prezio in 0.76s
2020.07.02 16:17:07 INFO  compiling prezio (1 scala source)
2020.07.02 16:17:07 INFO  time: compiled prezio in 0.7s
2020.07.02 16:17:14 INFO  compiling prezio (1 scala source)
2020.07.02 16:17:14 INFO  time: compiled prezio in 0.74s
2020.07.02 16:17:20 INFO  compiling prezio (1 scala source)
2020.07.02 16:17:20 INFO  time: compiled prezio in 0.66s
2020.07.02 16:17:43 INFO  compiling prezio (1 scala source)
2020.07.02 16:17:43 INFO  time: compiled prezio in 0.67s
2020.07.02 16:18:05 INFO  compiling prezio (1 scala source)
2020.07.02 16:18:05 INFO  time: compiled prezio in 0.6s
2020.07.02 16:34:18 INFO  compiling prezio (1 scala source)
2020.07.02 16:34:18 INFO  time: compiled prezio in 0.19s
No more data in the client stdin, exiting...
No more data in the server stdin, exiting...
No more data in the server stdin, exiting...
2020.07.02 17:05:04 INFO  started: Metals version 0.9.0 in workspace '/Users/bertrandjunqua/Code/PrezIO'
2020.07.02 17:05:05 INFO  time: initialize in 0.8s
Starting the bsp launcher for bloop...
Opening a bsp server connection with 'bsp --protocol local --socket /var/folders/8g/qr1hxqxd5_3b0gnhj867khpm0000gr/T/bsp-launcher8125719002364285557/bsp.socket'...
Waiting for the bsp connection to come up...
2020.07.02 17:05:09 INFO  skipping build import with status 'Installed'
[0m[32m[D][0m Waiting for a connection at local:///var/folders/8g/qr1hxqxd5_3b0gnhj867khpm0000gr/T/bsp-launcher8125719002364285557/bsp.socket...
The server is listening for incoming connections at local:///var/folders/8g/qr1hxqxd5_3b0gnhj867khpm0000gr/T/bsp-launcher8125719002364285557/bsp.socket...
2020.07.02 17:05:09 INFO  no build target: using presentation compiler with only scala-library
Starting thread that pumps stdin and redirects it to the bsp server...
Starting thread that pumps server stdout and redirects it to the client stdout...
2020.07.02 17:05:09 INFO  tracing is disabled for protocol BSP, to enable tracing of incoming and outgoing JSON messages create an empty file at /Users/bertrandjunqua/Library/Caches/org.scalameta.metals/bsp.trace.json
2020.07.02 17:05:09 INFO  time: connected to build server in 0.3s
2020.07.02 17:05:09 INFO  Connected to Build server v1.4.0-RC1-229-b7c15aa9
2020.07.02 17:05:11 INFO  time: indexed workspace in 2.15s
2020.07.02 17:05:12 INFO  compiling prezio-test (5 scala sources)
2020.07.02 17:05:12 INFO  time: compiled prezio-test in 0.2s
2020.07.02 17:06:00 INFO  compiling prezio (1 scala source)
2020.07.02 17:06:01 INFO  time: compiled prezio in 1.41s
2020.07.02 17:06:13 INFO  compiling prezio (1 scala source)
2020.07.02 17:06:13 INFO  time: compiled prezio in 0.69s
2020.07.02 17:17:42 INFO  compiling prezio (1 scala source)
2020.07.02 17:17:42 INFO  time: compiled prezio in 0.15s
2020.07.02 17:17:46 INFO  compiling prezio (1 scala source)
2020.07.02 17:17:46 INFO  time: compiled prezio in 0.12s
2020.07.02 17:17:50 INFO  compiling prezio (1 scala source)
2020.07.02 17:17:50 INFO  time: compiled prezio in 0.83s
2020.07.02 17:18:16 INFO  compiling prezio (1 scala source)
2020.07.02 17:18:16 INFO  time: compiled prezio in 0.69s
2020.07.02 17:18:24 INFO  compiling prezio (1 scala source)
2020.07.02 17:18:24 INFO  time: compiled prezio in 0.78s
2020.07.02 17:18:31 INFO  compiling prezio (1 scala source)
2020.07.02 17:18:31 INFO  time: compiled prezio in 0.73s
2020.07.02 17:22:41 INFO  compiling prezio (1 scala source)
2020.07.02 17:22:41 INFO  time: compiled prezio in 0.71s
2020.07.02 17:23:22 INFO  compiling prezio (1 scala source)
2020.07.02 17:23:22 INFO  time: compiled prezio in 0.83s
2020.07.02 17:26:37 INFO  compiling prezio (1 scala source)
2020.07.02 17:26:37 INFO  time: compiled prezio in 0.99s
2020.07.02 17:26:50 INFO  compiling prezio (1 scala source)
2020.07.02 17:26:50 INFO  time: compiled prezio in 0.69s
2020.07.02 17:27:16 INFO  compiling prezio (1 scala source)
2020.07.02 17:27:16 INFO  time: compiled prezio in 0.68s
2020.07.02 17:27:23 INFO  compiling prezio (1 scala source)
2020.07.02 17:27:23 INFO  time: compiled prezio in 0.66s
2020.07.02 17:27:27 INFO  compiling prezio (1 scala source)
2020.07.02 17:27:27 INFO  time: compiled prezio in 0.68s
